Determining if the pthread_create exist failed with the following output:
Change Dir: /home/pi/manta_ws/build_isolated/visualization_msgs/CMakeFiles/CMakeTmp

Run Build Command:"/usr/bin/make" "cmTryCompileExec521795293/fast"
/usr/bin/make -f CMakeFiles/cmTryCompileExec521795293.dir/build.make CMakeFiles/cmTryCompileExec521795293.dir/build
make[1]: Entering directory '/home/pi/manta_ws/build_isolated/visualization_msgs/CMakeFiles/CMakeTmp'
/usr/bin/cmake -E cmake_progress_report /home/pi/manta_ws/build_isolated/visualization_msgs/CMakeFiles/CMakeTmp/CMakeFiles 1
Building C object CMakeFiles/cmTryCompileExec521795293.dir/CheckSymbolExists.c.o
/usr/bin/cc    -o CMakeFiles/cmTryCompileExec521795293.dir/CheckSymbolExists.c.o   -c /home/pi/manta_ws/build_isolated/visualization_msgs/CMakeFiles/CMakeTmp/CheckSymbolExists.c
Linking C executable cmTryCompileExec521795293
/usr/bin/cmake -E cmake_link_script CMakeFiles/cmTryCompileExec521795293.dir/link.txt --verbose=1
/usr/bin/cc       CMakeFiles/cmTryCompileExec521795293.dir/CheckSymbolExists.c.o  -o cmTryCompileExec521795293 -rdynamic 
CMakeFiles/cmTryCompileExec521795293.dir/CheckSymbolExists.c.o: In function `main':
CheckSymbolExists.c:(.text+0x38): undefined reference to `pthread_create'
collect2: error: ld returned 1 exit status
CMakeFiles/cmTryCompileExec521795293.dir/build.make:88: recipe for target 'cmTryCompileExec521795293' failed
make[1]: *** [cmTryCompileExec521795293] Error 1
make[1]: Leaving directory '/home/pi/manta_ws/build_isolated/visualization_msgs/CMakeFiles/CMakeTmp'
Makefile:118: recipe for target 'cmTryCompileExec521795293/fast' failed
make: *** [cmTryCompileExec521795293/fast] Error 2

File /home/pi/manta_ws/build_isolated/visualization_msgs/CMakeFiles/CMakeTmp/CheckSymbolExists.c:
/* */
#include <pthread.h>

int main(int argc, char** argv)
{
  (void)argv;
#ifndef pthread_create
  return ((int*)(&pthread_create))[argc];
#else
  (void)argc;
  return 0;
#endif
}

Determining if the function pthread_create exists in the pthreads failed with the following output:
Change Dir: /home/pi/manta_ws/build_isolated/visualization_msgs/CMakeFiles/CMakeTmp

Run Build Command:"/usr/bin/make" "cmTryCompileExec1406842037/fast"
/usr/bin/make -f CMakeFiles/cmTryCompileExec1406842037.dir/build.make CMakeFiles/cmTryCompileExec1406842037.dir/build
make[1]: Entering directory '/home/pi/manta_ws/build_isolated/visualization_msgs/CMakeFiles/CMakeTmp'
/usr/bin/cmake -E cmake_progress_report /home/pi/manta_ws/build_isolated/visualization_msgs/CMakeFiles/CMakeTmp/CMakeFiles 1
Building C object CMakeFiles/cmTryCompileExec1406842037.dir/CheckFunctionExists.c.o
/usr/bin/cc   -DCHECK_FUNCTION_EXISTS=pthread_create   -o CMakeFiles/cmTryCompileExec1406842037.dir/CheckFunctionExists.c.o   -c /usr/share/cmake-3.0/Modules/CheckFunctionExists.c
Linking C executable cmTryCompileExec1406842037
/usr/bin/cmake -E cmake_link_script CMakeFiles/cmTryCompileExec1406842037.dir/link.txt --verbose=1
/usr/bin/cc   -DCHECK_FUNCTION_EXISTS=pthread_create    CMakeFiles/cmTryCompileExec1406842037.dir/CheckFunctionExists.c.o  -o cmTryCompileExec1406842037 -rdynamic -lpthreads 
/usr/bin/ld: cannot find -lpthreads
collect2: error: ld returned 1 exit status
CMakeFiles/cmTryCompileExec1406842037.dir/build.make:88: recipe for target 'cmTryCompileExec1406842037' failed
make[1]: Leaving directory '/home/pi/manta_ws/build_isolated/visualization_msgs/CMakeFiles/CMakeTmp'
make[1]: *** [cmTryCompileExec1406842037] Error 1
Makefile:118: recipe for target 'cmTryCompileExec1406842037/fast' failed
make: *** [cmTryCompileExec1406842037/fast] Error 2


