Determining if the pthread_create exist failed with the following output:
Change Dir: /home/pi/manta_ws/build_isolated/pluginlib/CMakeFiles/CMakeTmp

Run Build Command:"/usr/bin/make" "cmTryCompileExec3367038408/fast"
/usr/bin/make -f CMakeFiles/cmTryCompileExec3367038408.dir/build.make CMakeFiles/cmTryCompileExec3367038408.dir/build
make[1]: Entering directory '/home/pi/manta_ws/build_isolated/pluginlib/CMakeFiles/CMakeTmp'
/usr/bin/cmake -E cmake_progress_report /home/pi/manta_ws/build_isolated/pluginlib/CMakeFiles/CMakeTmp/CMakeFiles 1
Building C object CMakeFiles/cmTryCompileExec3367038408.dir/CheckSymbolExists.c.o
/usr/bin/cc    -o CMakeFiles/cmTryCompileExec3367038408.dir/CheckSymbolExists.c.o   -c /home/pi/manta_ws/build_isolated/pluginlib/CMakeFiles/CMakeTmp/CheckSymbolExists.c
Linking C executable cmTryCompileExec3367038408
/usr/bin/cmake -E cmake_link_script CMakeFiles/cmTryCompileExec3367038408.dir/link.txt --verbose=1
/usr/bin/cc       CMakeFiles/cmTryCompileExec3367038408.dir/CheckSymbolExists.c.o  -o cmTryCompileExec3367038408 -rdynamic 
CMakeFiles/cmTryCompileExec3367038408.dir/CheckSymbolExists.c.o: In function `main':
CheckSymbolExists.c:(.text+0x38): undefined reference to `pthread_create'
collect2: error: ld returned 1 exit status
CMakeFiles/cmTryCompileExec3367038408.dir/build.make:88: recipe for target 'cmTryCompileExec3367038408' failed
make[1]: Leaving directory '/home/pi/manta_ws/build_isolated/pluginlib/CMakeFiles/CMakeTmp'
make[1]: *** [cmTryCompileExec3367038408] Error 1
Makefile:118: recipe for target 'cmTryCompileExec3367038408/fast' failed
make: *** [cmTryCompileExec3367038408/fast] Error 2

File /home/pi/manta_ws/build_isolated/pluginlib/CMakeFiles/CMakeTmp/CheckSymbolExists.c:
/* */
#include <pthread.h>

int main(int argc, char** argv)
{
  (void)argv;
#ifndef pthread_create
  return ((int*)(&pthread_create))[argc];
#else
  (void)argc;
  return 0;
#endif
}

Determining if the function pthread_create exists in the pthreads failed with the following output:
Change Dir: /home/pi/manta_ws/build_isolated/pluginlib/CMakeFiles/CMakeTmp

Run Build Command:"/usr/bin/make" "cmTryCompileExec3941899076/fast"
/usr/bin/make -f CMakeFiles/cmTryCompileExec3941899076.dir/build.make CMakeFiles/cmTryCompileExec3941899076.dir/build
make[1]: Entering directory '/home/pi/manta_ws/build_isolated/pluginlib/CMakeFiles/CMakeTmp'
/usr/bin/cmake -E cmake_progress_report /home/pi/manta_ws/build_isolated/pluginlib/CMakeFiles/CMakeTmp/CMakeFiles 1
Building C object CMakeFiles/cmTryCompileExec3941899076.dir/CheckFunctionExists.c.o
/usr/bin/cc   -DCHECK_FUNCTION_EXISTS=pthread_create   -o CMakeFiles/cmTryCompileExec3941899076.dir/CheckFunctionExists.c.o   -c /usr/share/cmake-3.0/Modules/CheckFunctionExists.c
Linking C executable cmTryCompileExec3941899076
/usr/bin/cmake -E cmake_link_script CMakeFiles/cmTryCompileExec3941899076.dir/link.txt --verbose=1
/usr/bin/cc   -DCHECK_FUNCTION_EXISTS=pthread_create    CMakeFiles/cmTryCompileExec3941899076.dir/CheckFunctionExists.c.o  -o cmTryCompileExec3941899076 -rdynamic -lpthreads 
/usr/bin/ld: cannot find -lpthreads
collect2: error: ld returned 1 exit status
CMakeFiles/cmTryCompileExec3941899076.dir/build.make:88: recipe for target 'cmTryCompileExec3941899076' failed
make[1]: Leaving directory '/home/pi/manta_ws/build_isolated/pluginlib/CMakeFiles/CMakeTmp'
make[1]: *** [cmTryCompileExec3941899076] Error 1
Makefile:118: recipe for target 'cmTryCompileExec3941899076/fast' failed
make: *** [cmTryCompileExec3941899076/fast] Error 2


