Determining if the pthread_create exist failed with the following output:
Change Dir: /home/pi/manta_ws/build_isolated/eigen_conversions/CMakeFiles/CMakeTmp

Run Build Command:"/usr/bin/make" "cmTryCompileExec1288901012/fast"
/usr/bin/make -f CMakeFiles/cmTryCompileExec1288901012.dir/build.make CMakeFiles/cmTryCompileExec1288901012.dir/build
make[1]: Entering directory '/home/pi/manta_ws/build_isolated/eigen_conversions/CMakeFiles/CMakeTmp'
/usr/bin/cmake -E cmake_progress_report /home/pi/manta_ws/build_isolated/eigen_conversions/CMakeFiles/CMakeTmp/CMakeFiles 1
Building C object CMakeFiles/cmTryCompileExec1288901012.dir/CheckSymbolExists.c.o
/usr/bin/cc    -o CMakeFiles/cmTryCompileExec1288901012.dir/CheckSymbolExists.c.o   -c /home/pi/manta_ws/build_isolated/eigen_conversions/CMakeFiles/CMakeTmp/CheckSymbolExists.c
Linking C executable cmTryCompileExec1288901012
/usr/bin/cmake -E cmake_link_script CMakeFiles/cmTryCompileExec1288901012.dir/link.txt --verbose=1
/usr/bin/cc       CMakeFiles/cmTryCompileExec1288901012.dir/CheckSymbolExists.c.o  -o cmTryCompileExec1288901012 -rdynamic 
CMakeFiles/cmTryCompileExec1288901012.dir/CheckSymbolExists.c.o: In function `main':
CheckSymbolExists.c:(.text+0x38): undefined reference to `pthread_create'
collect2: error: ld returned 1 exit status
CMakeFiles/cmTryCompileExec1288901012.dir/build.make:88: recipe for target 'cmTryCompileExec1288901012' failed
make[1]: *** [cmTryCompileExec1288901012] Error 1
make[1]: Leaving directory '/home/pi/manta_ws/build_isolated/eigen_conversions/CMakeFiles/CMakeTmp'
Makefile:118: recipe for target 'cmTryCompileExec1288901012/fast' failed
make: *** [cmTryCompileExec1288901012/fast] Error 2

File /home/pi/manta_ws/build_isolated/eigen_conversions/CMakeFiles/CMakeTmp/CheckSymbolExists.c:
/* */
#include <pthread.h>

int main(int argc, char** argv)
{
  (void)argv;
#ifndef pthread_create
  return ((int*)(&pthread_create))[argc];
#else
  (void)argc;
  return 0;
#endif
}

Determining if the function pthread_create exists in the pthreads failed with the following output:
Change Dir: /home/pi/manta_ws/build_isolated/eigen_conversions/CMakeFiles/CMakeTmp

Run Build Command:"/usr/bin/make" "cmTryCompileExec2488520415/fast"
/usr/bin/make -f CMakeFiles/cmTryCompileExec2488520415.dir/build.make CMakeFiles/cmTryCompileExec2488520415.dir/build
make[1]: Entering directory '/home/pi/manta_ws/build_isolated/eigen_conversions/CMakeFiles/CMakeTmp'
/usr/bin/cmake -E cmake_progress_report /home/pi/manta_ws/build_isolated/eigen_conversions/CMakeFiles/CMakeTmp/CMakeFiles 1
Building C object CMakeFiles/cmTryCompileExec2488520415.dir/CheckFunctionExists.c.o
/usr/bin/cc   -DCHECK_FUNCTION_EXISTS=pthread_create   -o CMakeFiles/cmTryCompileExec2488520415.dir/CheckFunctionExists.c.o   -c /usr/share/cmake-3.0/Modules/CheckFunctionExists.c
Linking C executable cmTryCompileExec2488520415
/usr/bin/cmake -E cmake_link_script CMakeFiles/cmTryCompileExec2488520415.dir/link.txt --verbose=1
/usr/bin/cc   -DCHECK_FUNCTION_EXISTS=pthread_create    CMakeFiles/cmTryCompileExec2488520415.dir/CheckFunctionExists.c.o  -o cmTryCompileExec2488520415 -rdynamic -lpthreads 
/usr/bin/ld: cannot find -lpthreads
collect2: error: ld returned 1 exit status
CMakeFiles/cmTryCompileExec2488520415.dir/build.make:88: recipe for target 'cmTryCompileExec2488520415' failed
make[1]: Leaving directory '/home/pi/manta_ws/build_isolated/eigen_conversions/CMakeFiles/CMakeTmp'
make[1]: *** [cmTryCompileExec2488520415] Error 1
Makefile:118: recipe for target 'cmTryCompileExec2488520415/fast' failed
make: *** [cmTryCompileExec2488520415/fast] Error 2


