Determining if the pthread_create exist failed with the following output:
Change Dir: /home/pi/manta_ws/build_isolated/laser_proc/CMakeFiles/CMakeTmp

Run Build Command:"/usr/bin/make" "cmTryCompileExec420987624/fast"
/usr/bin/make -f CMakeFiles/cmTryCompileExec420987624.dir/build.make CMakeFiles/cmTryCompileExec420987624.dir/build
make[1]: Entering directory '/home/pi/manta_ws/build_isolated/laser_proc/CMakeFiles/CMakeTmp'
/usr/bin/cmake -E cmake_progress_report /home/pi/manta_ws/build_isolated/laser_proc/CMakeFiles/CMakeTmp/CMakeFiles 1
Building C object CMakeFiles/cmTryCompileExec420987624.dir/CheckSymbolExists.c.o
/usr/bin/cc    -o CMakeFiles/cmTryCompileExec420987624.dir/CheckSymbolExists.c.o   -c /home/pi/manta_ws/build_isolated/laser_proc/CMakeFiles/CMakeTmp/CheckSymbolExists.c
Linking C executable cmTryCompileExec420987624
/usr/bin/cmake -E cmake_link_script CMakeFiles/cmTryCompileExec420987624.dir/link.txt --verbose=1
/usr/bin/cc       CMakeFiles/cmTryCompileExec420987624.dir/CheckSymbolExists.c.o  -o cmTryCompileExec420987624 -rdynamic 
CMakeFiles/cmTryCompileExec420987624.dir/CheckSymbolExists.c.o: In function `main':
CheckSymbolExists.c:(.text+0x38): undefined reference to `pthread_create'
collect2: error: ld returned 1 exit status
CMakeFiles/cmTryCompileExec420987624.dir/build.make:88: recipe for target 'cmTryCompileExec420987624' failed
make[1]: Leaving directory '/home/pi/manta_ws/build_isolated/laser_proc/CMakeFiles/CMakeTmp'
make[1]: *** [cmTryCompileExec420987624] Error 1
Makefile:118: recipe for target 'cmTryCompileExec420987624/fast' failed
make: *** [cmTryCompileExec420987624/fast] Error 2

File /home/pi/manta_ws/build_isolated/laser_proc/CMakeFiles/CMakeTmp/CheckSymbolExists.c:
/* */
#include <pthread.h>

int main(int argc, char** argv)
{
  (void)argv;
#ifndef pthread_create
  return ((int*)(&pthread_create))[argc];
#else
  (void)argc;
  return 0;
#endif
}

Determining if the function pthread_create exists in the pthreads failed with the following output:
Change Dir: /home/pi/manta_ws/build_isolated/laser_proc/CMakeFiles/CMakeTmp

Run Build Command:"/usr/bin/make" "cmTryCompileExec3775072640/fast"
/usr/bin/make -f CMakeFiles/cmTryCompileExec3775072640.dir/build.make CMakeFiles/cmTryCompileExec3775072640.dir/build
make[1]: Entering directory '/home/pi/manta_ws/build_isolated/laser_proc/CMakeFiles/CMakeTmp'
/usr/bin/cmake -E cmake_progress_report /home/pi/manta_ws/build_isolated/laser_proc/CMakeFiles/CMakeTmp/CMakeFiles 1
Building C object CMakeFiles/cmTryCompileExec3775072640.dir/CheckFunctionExists.c.o
/usr/bin/cc   -DCHECK_FUNCTION_EXISTS=pthread_create   -o CMakeFiles/cmTryCompileExec3775072640.dir/CheckFunctionExists.c.o   -c /usr/share/cmake-3.0/Modules/CheckFunctionExists.c
Linking C executable cmTryCompileExec3775072640
/usr/bin/cmake -E cmake_link_script CMakeFiles/cmTryCompileExec3775072640.dir/link.txt --verbose=1
/usr/bin/cc   -DCHECK_FUNCTION_EXISTS=pthread_create    CMakeFiles/cmTryCompileExec3775072640.dir/CheckFunctionExists.c.o  -o cmTryCompileExec3775072640 -rdynamic -lpthreads 
/usr/bin/ld: cannot find -lpthreads
collect2: error: ld returned 1 exit status
CMakeFiles/cmTryCompileExec3775072640.dir/build.make:88: recipe for target 'cmTryCompileExec3775072640' failed
make[1]: Leaving directory '/home/pi/manta_ws/build_isolated/laser_proc/CMakeFiles/CMakeTmp'
make[1]: *** [cmTryCompileExec3775072640] Error 1
Makefile:118: recipe for target 'cmTryCompileExec3775072640/fast' failed
make: *** [cmTryCompileExec3775072640/fast] Error 2


