Determining if the pthread_create exist failed with the following output:
Change Dir: /home/pi/manta_ws/build_isolated/actionlib_msgs/CMakeFiles/CMakeTmp

Run Build Command:"/usr/bin/make" "cmTryCompileExec3832302675/fast"
/usr/bin/make -f CMakeFiles/cmTryCompileExec3832302675.dir/build.make CMakeFiles/cmTryCompileExec3832302675.dir/build
make[1]: Entering directory '/home/pi/manta_ws/build_isolated/actionlib_msgs/CMakeFiles/CMakeTmp'
/usr/bin/cmake -E cmake_progress_report /home/pi/manta_ws/build_isolated/actionlib_msgs/CMakeFiles/CMakeTmp/CMakeFiles 1
Building C object CMakeFiles/cmTryCompileExec3832302675.dir/CheckSymbolExists.c.o
/usr/bin/cc    -o CMakeFiles/cmTryCompileExec3832302675.dir/CheckSymbolExists.c.o   -c /home/pi/manta_ws/build_isolated/actionlib_msgs/CMakeFiles/CMakeTmp/CheckSymbolExists.c
Linking C executable cmTryCompileExec3832302675
/usr/bin/cmake -E cmake_link_script CMakeFiles/cmTryCompileExec3832302675.dir/link.txt --verbose=1
/usr/bin/cc       CMakeFiles/cmTryCompileExec3832302675.dir/CheckSymbolExists.c.o  -o cmTryCompileExec3832302675 -rdynamic 
CMakeFiles/cmTryCompileExec3832302675.dir/CheckSymbolExists.c.o: In function `main':
CheckSymbolExists.c:(.text+0x38): undefined reference to `pthread_create'
collect2: error: ld returned 1 exit status
CMakeFiles/cmTryCompileExec3832302675.dir/build.make:88: recipe for target 'cmTryCompileExec3832302675' failed
make[1]: Leaving directory '/home/pi/manta_ws/build_isolated/actionlib_msgs/CMakeFiles/CMakeTmp'
make[1]: *** [cmTryCompileExec3832302675] Error 1
Makefile:118: recipe for target 'cmTryCompileExec3832302675/fast' failed
make: *** [cmTryCompileExec3832302675/fast] Error 2

File /home/pi/manta_ws/build_isolated/actionlib_msgs/CMakeFiles/CMakeTmp/CheckSymbolExists.c:
/* */
#include <pthread.h>

int main(int argc, char** argv)
{
  (void)argv;
#ifndef pthread_create
  return ((int*)(&pthread_create))[argc];
#else
  (void)argc;
  return 0;
#endif
}

Determining if the function pthread_create exists in the pthreads failed with the following output:
Change Dir: /home/pi/manta_ws/build_isolated/actionlib_msgs/CMakeFiles/CMakeTmp

Run Build Command:"/usr/bin/make" "cmTryCompileExec929349314/fast"
/usr/bin/make -f CMakeFiles/cmTryCompileExec929349314.dir/build.make CMakeFiles/cmTryCompileExec929349314.dir/build
make[1]: Entering directory '/home/pi/manta_ws/build_isolated/actionlib_msgs/CMakeFiles/CMakeTmp'
/usr/bin/cmake -E cmake_progress_report /home/pi/manta_ws/build_isolated/actionlib_msgs/CMakeFiles/CMakeTmp/CMakeFiles 1
Building C object CMakeFiles/cmTryCompileExec929349314.dir/CheckFunctionExists.c.o
/usr/bin/cc   -DCHECK_FUNCTION_EXISTS=pthread_create   -o CMakeFiles/cmTryCompileExec929349314.dir/CheckFunctionExists.c.o   -c /usr/share/cmake-3.0/Modules/CheckFunctionExists.c
Linking C executable cmTryCompileExec929349314
/usr/bin/cmake -E cmake_link_script CMakeFiles/cmTryCompileExec929349314.dir/link.txt --verbose=1
/usr/bin/cc   -DCHECK_FUNCTION_EXISTS=pthread_create    CMakeFiles/cmTryCompileExec929349314.dir/CheckFunctionExists.c.o  -o cmTryCompileExec929349314 -rdynamic -lpthreads 
/usr/bin/ld: cannot find -lpthreads
collect2: error: ld returned 1 exit status
CMakeFiles/cmTryCompileExec929349314.dir/build.make:88: recipe for target 'cmTryCompileExec929349314' failed
make[1]: Leaving directory '/home/pi/manta_ws/build_isolated/actionlib_msgs/CMakeFiles/CMakeTmp'
make[1]: *** [cmTryCompileExec929349314] Error 1
Makefile:118: recipe for target 'cmTryCompileExec929349314/fast' failed
make: *** [cmTryCompileExec929349314/fast] Error 2


