Determining if the pthread_create exist failed with the following output:
Change Dir: /home/pi/manta_ws/build_isolated/diagnostic_msgs/CMakeFiles/CMakeTmp

Run Build Command:"/usr/bin/make" "cmTryCompileExec4118307877/fast"
/usr/bin/make -f CMakeFiles/cmTryCompileExec4118307877.dir/build.make CMakeFiles/cmTryCompileExec4118307877.dir/build
make[1]: Entering directory '/home/pi/manta_ws/build_isolated/diagnostic_msgs/CMakeFiles/CMakeTmp'
/usr/bin/cmake -E cmake_progress_report /home/pi/manta_ws/build_isolated/diagnostic_msgs/CMakeFiles/CMakeTmp/CMakeFiles 1
Building C object CMakeFiles/cmTryCompileExec4118307877.dir/CheckSymbolExists.c.o
/usr/bin/cc    -o CMakeFiles/cmTryCompileExec4118307877.dir/CheckSymbolExists.c.o   -c /home/pi/manta_ws/build_isolated/diagnostic_msgs/CMakeFiles/CMakeTmp/CheckSymbolExists.c
Linking C executable cmTryCompileExec4118307877
/usr/bin/cmake -E cmake_link_script CMakeFiles/cmTryCompileExec4118307877.dir/link.txt --verbose=1
/usr/bin/cc       CMakeFiles/cmTryCompileExec4118307877.dir/CheckSymbolExists.c.o  -o cmTryCompileExec4118307877 -rdynamic 
CMakeFiles/cmTryCompileExec4118307877.dir/CheckSymbolExists.c.o: In function `main':
CheckSymbolExists.c:(.text+0x38): undefined reference to `pthread_create'
collect2: error: ld returned 1 exit status
CMakeFiles/cmTryCompileExec4118307877.dir/build.make:88: recipe for target 'cmTryCompileExec4118307877' failed
make[1]: Leaving directory '/home/pi/manta_ws/build_isolated/diagnostic_msgs/CMakeFiles/CMakeTmp'
make[1]: *** [cmTryCompileExec4118307877] Error 1
Makefile:118: recipe for target 'cmTryCompileExec4118307877/fast' failed
make: *** [cmTryCompileExec4118307877/fast] Error 2

File /home/pi/manta_ws/build_isolated/diagnostic_msgs/CMakeFiles/CMakeTmp/CheckSymbolExists.c:
/* */
#include <pthread.h>

int main(int argc, char** argv)
{
  (void)argv;
#ifndef pthread_create
  return ((int*)(&pthread_create))[argc];
#else
  (void)argc;
  return 0;
#endif
}

Determining if the function pthread_create exists in the pthreads failed with the following output:
Change Dir: /home/pi/manta_ws/build_isolated/diagnostic_msgs/CMakeFiles/CMakeTmp

Run Build Command:"/usr/bin/make" "cmTryCompileExec783575482/fast"
/usr/bin/make -f CMakeFiles/cmTryCompileExec783575482.dir/build.make CMakeFiles/cmTryCompileExec783575482.dir/build
make[1]: Entering directory '/home/pi/manta_ws/build_isolated/diagnostic_msgs/CMakeFiles/CMakeTmp'
/usr/bin/cmake -E cmake_progress_report /home/pi/manta_ws/build_isolated/diagnostic_msgs/CMakeFiles/CMakeTmp/CMakeFiles 1
Building C object CMakeFiles/cmTryCompileExec783575482.dir/CheckFunctionExists.c.o
/usr/bin/cc   -DCHECK_FUNCTION_EXISTS=pthread_create   -o CMakeFiles/cmTryCompileExec783575482.dir/CheckFunctionExists.c.o   -c /usr/share/cmake-3.0/Modules/CheckFunctionExists.c
Linking C executable cmTryCompileExec783575482
/usr/bin/cmake -E cmake_link_script CMakeFiles/cmTryCompileExec783575482.dir/link.txt --verbose=1
/usr/bin/cc   -DCHECK_FUNCTION_EXISTS=pthread_create    CMakeFiles/cmTryCompileExec783575482.dir/CheckFunctionExists.c.o  -o cmTryCompileExec783575482 -rdynamic -lpthreads 
/usr/bin/ld: cannot find -lpthreads
collect2: error: ld returned 1 exit status
CMakeFiles/cmTryCompileExec783575482.dir/build.make:88: recipe for target 'cmTryCompileExec783575482' failed
make[1]: Leaving directory '/home/pi/manta_ws/build_isolated/diagnostic_msgs/CMakeFiles/CMakeTmp'
make[1]: *** [cmTryCompileExec783575482] Error 1
Makefile:118: recipe for target 'cmTryCompileExec783575482/fast' failed
make: *** [cmTryCompileExec783575482/fast] Error 2


