Determining if the pthread_create exist failed with the following output:
Change Dir: /home/pi/manta_ws/build_isolated/stereo_msgs/CMakeFiles/CMakeTmp

Run Build Command:"/usr/bin/make" "cmTryCompileExec2773179764/fast"
/usr/bin/make -f CMakeFiles/cmTryCompileExec2773179764.dir/build.make CMakeFiles/cmTryCompileExec2773179764.dir/build
make[1]: Entering directory '/home/pi/manta_ws/build_isolated/stereo_msgs/CMakeFiles/CMakeTmp'
/usr/bin/cmake -E cmake_progress_report /home/pi/manta_ws/build_isolated/stereo_msgs/CMakeFiles/CMakeTmp/CMakeFiles 1
Building C object CMakeFiles/cmTryCompileExec2773179764.dir/CheckSymbolExists.c.o
/usr/bin/cc    -o CMakeFiles/cmTryCompileExec2773179764.dir/CheckSymbolExists.c.o   -c /home/pi/manta_ws/build_isolated/stereo_msgs/CMakeFiles/CMakeTmp/CheckSymbolExists.c
Linking C executable cmTryCompileExec2773179764
/usr/bin/cmake -E cmake_link_script CMakeFiles/cmTryCompileExec2773179764.dir/link.txt --verbose=1
/usr/bin/cc       CMakeFiles/cmTryCompileExec2773179764.dir/CheckSymbolExists.c.o  -o cmTryCompileExec2773179764 -rdynamic 
CMakeFiles/cmTryCompileExec2773179764.dir/CheckSymbolExists.c.o: In function `main':
CheckSymbolExists.c:(.text+0x38): undefined reference to `pthread_create'
collect2: error: ld returned 1 exit status
CMakeFiles/cmTryCompileExec2773179764.dir/build.make:88: recipe for target 'cmTryCompileExec2773179764' failed
make[1]: Leaving directory '/home/pi/manta_ws/build_isolated/stereo_msgs/CMakeFiles/CMakeTmp'
make[1]: *** [cmTryCompileExec2773179764] Error 1
Makefile:118: recipe for target 'cmTryCompileExec2773179764/fast' failed
make: *** [cmTryCompileExec2773179764/fast] Error 2

File /home/pi/manta_ws/build_isolated/stereo_msgs/CMakeFiles/CMakeTmp/CheckSymbolExists.c:
/* */
#include <pthread.h>

int main(int argc, char** argv)
{
  (void)argv;
#ifndef pthread_create
  return ((int*)(&pthread_create))[argc];
#else
  (void)argc;
  return 0;
#endif
}

Determining if the function pthread_create exists in the pthreads failed with the following output:
Change Dir: /home/pi/manta_ws/build_isolated/stereo_msgs/CMakeFiles/CMakeTmp

Run Build Command:"/usr/bin/make" "cmTryCompileExec4133980914/fast"
/usr/bin/make -f CMakeFiles/cmTryCompileExec4133980914.dir/build.make CMakeFiles/cmTryCompileExec4133980914.dir/build
make[1]: Entering directory '/home/pi/manta_ws/build_isolated/stereo_msgs/CMakeFiles/CMakeTmp'
/usr/bin/cmake -E cmake_progress_report /home/pi/manta_ws/build_isolated/stereo_msgs/CMakeFiles/CMakeTmp/CMakeFiles 1
Building C object CMakeFiles/cmTryCompileExec4133980914.dir/CheckFunctionExists.c.o
/usr/bin/cc   -DCHECK_FUNCTION_EXISTS=pthread_create   -o CMakeFiles/cmTryCompileExec4133980914.dir/CheckFunctionExists.c.o   -c /usr/share/cmake-3.0/Modules/CheckFunctionExists.c
Linking C executable cmTryCompileExec4133980914
/usr/bin/cmake -E cmake_link_script CMakeFiles/cmTryCompileExec4133980914.dir/link.txt --verbose=1
/usr/bin/cc   -DCHECK_FUNCTION_EXISTS=pthread_create    CMakeFiles/cmTryCompileExec4133980914.dir/CheckFunctionExists.c.o  -o cmTryCompileExec4133980914 -rdynamic -lpthreads 
/usr/bin/ld: cannot find -lpthreads
collect2: error: ld returned 1 exit status
CMakeFiles/cmTryCompileExec4133980914.dir/build.make:88: recipe for target 'cmTryCompileExec4133980914' failed
make[1]: Leaving directory '/home/pi/manta_ws/build_isolated/stereo_msgs/CMakeFiles/CMakeTmp'
make[1]: *** [cmTryCompileExec4133980914] Error 1
Makefile:118: recipe for target 'cmTryCompileExec4133980914/fast' failed
make: *** [cmTryCompileExec4133980914/fast] Error 2


