Determining if the pthread_create exist failed with the following output:
Change Dir: /home/pi/manta_ws/build_isolated/common_msgs/CMakeFiles/CMakeTmp

Run Build Command:"/usr/bin/make" "cmTryCompileExec2809452799/fast"
/usr/bin/make -f CMakeFiles/cmTryCompileExec2809452799.dir/build.make CMakeFiles/cmTryCompileExec2809452799.dir/build
make[1]: Entering directory '/home/pi/manta_ws/build_isolated/common_msgs/CMakeFiles/CMakeTmp'
/usr/bin/cmake -E cmake_progress_report /home/pi/manta_ws/build_isolated/common_msgs/CMakeFiles/CMakeTmp/CMakeFiles 1
Building C object CMakeFiles/cmTryCompileExec2809452799.dir/CheckSymbolExists.c.o
/usr/bin/cc    -o CMakeFiles/cmTryCompileExec2809452799.dir/CheckSymbolExists.c.o   -c /home/pi/manta_ws/build_isolated/common_msgs/CMakeFiles/CMakeTmp/CheckSymbolExists.c
Linking C executable cmTryCompileExec2809452799
/usr/bin/cmake -E cmake_link_script CMakeFiles/cmTryCompileExec2809452799.dir/link.txt --verbose=1
/usr/bin/cc       CMakeFiles/cmTryCompileExec2809452799.dir/CheckSymbolExists.c.o  -o cmTryCompileExec2809452799 -rdynamic 
CMakeFiles/cmTryCompileExec2809452799.dir/CheckSymbolExists.c.o: In function `main':
CheckSymbolExists.c:(.text+0x38): undefined reference to `pthread_create'
collect2: error: ld returned 1 exit status
CMakeFiles/cmTryCompileExec2809452799.dir/build.make:88: recipe for target 'cmTryCompileExec2809452799' failed
make[1]: Leaving directory '/home/pi/manta_ws/build_isolated/common_msgs/CMakeFiles/CMakeTmp'
make[1]: *** [cmTryCompileExec2809452799] Error 1
Makefile:118: recipe for target 'cmTryCompileExec2809452799/fast' failed
make: *** [cmTryCompileExec2809452799/fast] Error 2

File /home/pi/manta_ws/build_isolated/common_msgs/CMakeFiles/CMakeTmp/CheckSymbolExists.c:
/* */
#include <pthread.h>

int main(int argc, char** argv)
{
  (void)argv;
#ifndef pthread_create
  return ((int*)(&pthread_create))[argc];
#else
  (void)argc;
  return 0;
#endif
}

Determining if the function pthread_create exists in the pthreads failed with the following output:
Change Dir: /home/pi/manta_ws/build_isolated/common_msgs/CMakeFiles/CMakeTmp

Run Build Command:"/usr/bin/make" "cmTryCompileExec1536930410/fast"
/usr/bin/make -f CMakeFiles/cmTryCompileExec1536930410.dir/build.make CMakeFiles/cmTryCompileExec1536930410.dir/build
make[1]: Entering directory '/home/pi/manta_ws/build_isolated/common_msgs/CMakeFiles/CMakeTmp'
/usr/bin/cmake -E cmake_progress_report /home/pi/manta_ws/build_isolated/common_msgs/CMakeFiles/CMakeTmp/CMakeFiles 1
Building C object CMakeFiles/cmTryCompileExec1536930410.dir/CheckFunctionExists.c.o
/usr/bin/cc   -DCHECK_FUNCTION_EXISTS=pthread_create   -o CMakeFiles/cmTryCompileExec1536930410.dir/CheckFunctionExists.c.o   -c /usr/share/cmake-3.0/Modules/CheckFunctionExists.c
Linking C executable cmTryCompileExec1536930410
/usr/bin/cmake -E cmake_link_script CMakeFiles/cmTryCompileExec1536930410.dir/link.txt --verbose=1
/usr/bin/cc   -DCHECK_FUNCTION_EXISTS=pthread_create    CMakeFiles/cmTryCompileExec1536930410.dir/CheckFunctionExists.c.o  -o cmTryCompileExec1536930410 -rdynamic -lpthreads 
/usr/bin/ld: cannot find -lpthreads
collect2: error: ld returned 1 exit status
CMakeFiles/cmTryCompileExec1536930410.dir/build.make:88: recipe for target 'cmTryCompileExec1536930410' failed
make[1]: Leaving directory '/home/pi/manta_ws/build_isolated/common_msgs/CMakeFiles/CMakeTmp'
make[1]: *** [cmTryCompileExec1536930410] Error 1
Makefile:118: recipe for target 'cmTryCompileExec1536930410/fast' failed
make: *** [cmTryCompileExec1536930410/fast] Error 2


