Determining if the pthread_create exist failed with the following output:
Change Dir: /home/pi/manta_ws/build_isolated/manta/CMakeFiles/CMakeTmp

Run Build Command:"/usr/bin/make" "cmTryCompileExec2253568248/fast"
/usr/bin/make -f CMakeFiles/cmTryCompileExec2253568248.dir/build.make CMakeFiles/cmTryCompileExec2253568248.dir/build
make[1]: Entering directory '/home/pi/manta_ws/build_isolated/manta/CMakeFiles/CMakeTmp'
/usr/bin/cmake -E cmake_progress_report /home/pi/manta_ws/build_isolated/manta/CMakeFiles/CMakeTmp/CMakeFiles 1
Building C object CMakeFiles/cmTryCompileExec2253568248.dir/CheckSymbolExists.c.o
/usr/bin/cc    -o CMakeFiles/cmTryCompileExec2253568248.dir/CheckSymbolExists.c.o   -c /home/pi/manta_ws/build_isolated/manta/CMakeFiles/CMakeTmp/CheckSymbolExists.c
Linking C executable cmTryCompileExec2253568248
/usr/bin/cmake -E cmake_link_script CMakeFiles/cmTryCompileExec2253568248.dir/link.txt --verbose=1
/usr/bin/cc       CMakeFiles/cmTryCompileExec2253568248.dir/CheckSymbolExists.c.o  -o cmTryCompileExec2253568248 -rdynamic 
CMakeFiles/cmTryCompileExec2253568248.dir/CheckSymbolExists.c.o: In function `main':
CheckSymbolExists.c:(.text+0x38): undefined reference to `pthread_create'
collect2: error: ld returned 1 exit status
CMakeFiles/cmTryCompileExec2253568248.dir/build.make:88: recipe for target 'cmTryCompileExec2253568248' failed
make[1]: Leaving directory '/home/pi/manta_ws/build_isolated/manta/CMakeFiles/CMakeTmp'
make[1]: *** [cmTryCompileExec2253568248] Error 1
Makefile:118: recipe for target 'cmTryCompileExec2253568248/fast' failed
make: *** [cmTryCompileExec2253568248/fast] Error 2

File /home/pi/manta_ws/build_isolated/manta/CMakeFiles/CMakeTmp/CheckSymbolExists.c:
/* */
#include <pthread.h>

int main(int argc, char** argv)
{
  (void)argv;
#ifndef pthread_create
  return ((int*)(&pthread_create))[argc];
#else
  (void)argc;
  return 0;
#endif
}

Determining if the function pthread_create exists in the pthreads failed with the following output:
Change Dir: /home/pi/manta_ws/build_isolated/manta/CMakeFiles/CMakeTmp

Run Build Command:"/usr/bin/make" "cmTryCompileExec4276532657/fast"
/usr/bin/make -f CMakeFiles/cmTryCompileExec4276532657.dir/build.make CMakeFiles/cmTryCompileExec4276532657.dir/build
make[1]: Entering directory '/home/pi/manta_ws/build_isolated/manta/CMakeFiles/CMakeTmp'
/usr/bin/cmake -E cmake_progress_report /home/pi/manta_ws/build_isolated/manta/CMakeFiles/CMakeTmp/CMakeFiles 1
Building C object CMakeFiles/cmTryCompileExec4276532657.dir/CheckFunctionExists.c.o
/usr/bin/cc   -DCHECK_FUNCTION_EXISTS=pthread_create   -o CMakeFiles/cmTryCompileExec4276532657.dir/CheckFunctionExists.c.o   -c /usr/share/cmake-3.0/Modules/CheckFunctionExists.c
Linking C executable cmTryCompileExec4276532657
/usr/bin/cmake -E cmake_link_script CMakeFiles/cmTryCompileExec4276532657.dir/link.txt --verbose=1
/usr/bin/cc   -DCHECK_FUNCTION_EXISTS=pthread_create    CMakeFiles/cmTryCompileExec4276532657.dir/CheckFunctionExists.c.o  -o cmTryCompileExec4276532657 -rdynamic -lpthreads 
/usr/bin/ld: cannot find -lpthreads
collect2: error: ld returned 1 exit status
CMakeFiles/cmTryCompileExec4276532657.dir/build.make:88: recipe for target 'cmTryCompileExec4276532657' failed
make[1]: Leaving directory '/home/pi/manta_ws/build_isolated/manta/CMakeFiles/CMakeTmp'
make[1]: *** [cmTryCompileExec4276532657] Error 1
Makefile:118: recipe for target 'cmTryCompileExec4276532657/fast' failed
make: *** [cmTryCompileExec4276532657/fast] Error 2


